TN:
SF:/home/uriel/algorithms/src/fizzbuzz/index.js
FN:15,fizzBuzz
FNF:1
FNH:0
FNDA:0,fizzBuzz
DA:1,1
DA:16,0
DA:17,0
DA:18,0
DA:19,0
DA:20,0
DA:24,1
LF:7
LH:2
BRDA:17,0,0,0
BRDA:17,0,1,0
BRDA:17,1,0,0
BRDA:17,1,1,0
BRDA:18,2,0,0
BRDA:18,2,1,0
BRDA:19,3,0,0
BRDA:19,3,1,0
BRF:8
BRH:0
end_of_record
TN:
SF:/home/uriel/algorithms/src/maxchar/index.js
FN:8,maxChar
FN:12,(anonymous_1)
FNF:2
FNH:2
FNDA:3,maxChar
FNDA:33,(anonymous_1)
DA:1,1
DA:9,3
DA:10,3
DA:12,3
DA:13,33
DA:14,10
DA:16,23
DA:19,33
DA:22,3
DA:23,3
DA:27,1
LF:11
LH:11
BRDA:13,0,0,10
BRDA:13,0,1,23
BRDA:19,1,0,13
BRDA:19,1,1,20
BRDA:23,2,0,3
BRDA:23,2,1,0
BRF:6
BRH:5
end_of_record
TN:
SF:/home/uriel/algorithms/src/palindrome/index.js
FN:10,palindrome
FNF:1
FNH:1
FNDA:7,palindrome
DA:1,1
DA:11,7
DA:20,1
LF:3
LH:3
BRF:0
BRH:0
end_of_record
TN:
SF:/home/uriel/algorithms/src/reverseint/index.js
FN:11,reverseInt
FNF:1
FNH:1
FNDA:9,reverseInt
DA:1,1
DA:12,9
DA:21,1
LF:3
LH:3
BRF:0
BRH:0
end_of_record
TN:
SF:/home/uriel/algorithms/src/reversestring/index.js
FN:9,reverse
FNF:1
FNH:1
FNDA:2,reverse
DA:1,1
DA:10,2
DA:16,1
LF:3
LH:3
BRF:0
BRH:0
end_of_record
